2022-04-04 13:32:31.459  INFO 7297 --- [main] lavalink.server.Launcher                 : 

[32m       .  [31m _                  _ _       _    [32m__ _ _
[32m      /\\ [31m| | __ ___   ____ _| (_)_ __ | | __[32m\ \ \ \
[32m     ( ( )[31m| |/ _` \ \ / / _` | | | '_ \| |/ /[32m \ \ \ \
[32m      \\/ [31m| | (_| |\ V / (_| | | | | | |   < [32m  ) ) ) )
[32m       '  [31m|_|\__,_| \_/ \__,_|_|_|_| |_|_|\_\[32m / / / /
[0m    =========================================[32m/_/_/_/[0m

	Version:        3.2.0.3
	Build:          747
	Build time:     17.01.2019 14:13:15 CET
	Branch          master
	Commit:         10979fd
	Commit time:    17.01.2019 14:10:57 CET
	JVM:            17.0.3
	Lavaplayer      1.3.10

2022-04-04 13:32:31.646  INFO 7297 --- [main] o.s.boot.SpringApplication               : [32m       .  [31m _                  _ _       _    [32m__ _ _
[32m      /\\ [31m| | __ ___   ____ _| (_)_ __ | | __[32m\ \ \ \
[32m     ( ( )[31m| |/ _` \ \ / / _` | | | '_ \| |/ /[32m \ \ \ \
[32m      \\/ [31m| | (_| |\ V / (_| | | | | | |   < [32m  ) ) ) )
[32m       '  [31m|_|\__,_| \_/ \__,_|_|_|_| |_|_|\_\[32m / / / /
[39m    =========================================[32m/_/_/_/

[32m    :: Lavalink    :: [39m      
[32m    :: Spring Boot :: [39m       (v2.0.4.RELEASE)


2022-04-04 13:32:31.891  INFO 7297 --- [main] lavalink.server.Launcher                 : Starting Launcher on earth with PID 7297 (/home/nan0scho1ar/repos/me/strifebot/lavalink/Lavalink.jar started by nan0scho1ar in /home/nan0scho1ar/repos/me/strifebot/lavalink)
2022-04-04 13:32:31.898  INFO 7297 --- [main] lavalink.server.Launcher                 : No active profile set, falling back to default profiles: default
2022-04-04 13:32:31.991  WARN 7297 --- [background-preinit] o.s.h.c.j.Jackson2ObjectMapperBuilder    : For Jackson Kotlin classes support please add "com.fasterxml.jackson.module:jackson-module-kotlin" to the classpath
2022-04-04 13:32:32.048  INFO 7297 --- [main] ConfigServletWebServerApplicationContext : Refreshing org.springframework.boot.web.servlet.context.AnnotationConfigServletWebServerApplicationContext@37271612: startup date [Mon Apr 04 13:32:32 AEST 2022]; root of context hierarchy
